C51 COMPILER V9.52.0.0   DELAY                                                             02/04/2024 20:32:46 PAGE 1   


C51 COMPILER V9.52.0.0, COMPILATION OF MODULE DELAY
OBJECT MODULE PLACED IN .\Objects\delay.obj
COMPILER INVOKED BY: C:\Apps\Keil v5\C51\BIN\C51.EXE ..\..\Library\lib_at89\delay.c OMF2 BROWSE INCDIR(..\..\Library\lib
                    -_at89) DEBUG PRINT(.\Listing\delay.lst) OBJECT(.\Objects\delay.obj)

line level    source

   1          #include "delay.h"
   2          
   3          #if (FREQ_OSC == 12000000)
                      void delay(unsigned int ms)
                      {
                              unsigned int i;
                              while(ms--){
                          for(i=0;i<82;i++);
                      }
                      }
                  
                  void delay_us(unsigned int us)
                      {
                              while(us!=0){
                          us--;
                      }
                      }
                 
              #elif (FREQ_OSC == 11059200)
  20                  void delay(unsigned int ms)
  21                  {
  22   1                      unsigned int i;
  23   1                      while(ms--){
  24   2                  for(i=0;i<75;i++);
  25   2              }
  26   1              }
  27              void delay_us(unsigned int us)
  28                  {
  29   1                      while(us!=0){
  30   2                  us--;
  31   2              }
  32   1              }
  33          
  34          #elif (FREQ_OSC == 24000000)
                      void delay(unsigned int ms)
                      {
                              unsigned int i;
                              while(ms--){
                          for(i=0;i<165;i++);
                      }
                      }
                  void delay_us(unsigned int us)
                      {
                              while(us!=0){
                          us--;
                      }
                      }
              
                  
              #else
                      #error "Khai bao tan so thach anh"
              #endif
  53            
  54              
C51 COMPILER V9.52.0.0   DELAY                                                             02/04/2024 20:32:46 PAGE 2   

  55              
  56              
  57              
  58              
  59              
  60              
  61              
  62              
  63              
  64              
  65              
  66              
  67              
  68              


MODULE INFORMATION:   STATIC OVERLAYABLE
   CODE SIZE        =     42    ----
   CONSTANT SIZE    =   ----    ----
   XDATA SIZE       =   ----    ----
   PDATA SIZE       =   ----    ----
   DATA SIZE        =   ----    ----
   IDATA SIZE       =   ----    ----
   BIT SIZE         =   ----    ----
   EDATA SIZE       =   ----    ----
   HDATA SIZE       =   ----    ----
   XDATA CONST SIZE =   ----    ----
   FAR CONST SIZE   =   ----    ----
END OF MODULE INFORMATION.


C51 COMPILATION COMPLETE.  0 WARNING(S),  0 ERROR(S)
