C51 COMPILER V9.52.0.0   MAIN                                                              02/04/2024 20:32:46 PAGE 1   


C51 COMPILER V9.52.0.0, COMPILATION OF MODULE MAIN
OBJECT MODULE PLACED IN .\Objects\main.obj
COMPILER INVOKED BY: C:\Apps\Keil v5\C51\BIN\C51.EXE main.c OMF2 BROWSE INCDIR(..\..\Library\lib_at89) DEBUG PRINT(.\Lis
                    -ting\main.lst) OBJECT(.\Objects\main.obj)

line level    source

   1          #include "main.h"
   2          
   3          #define led P2_0
   4          
   5          void main(){
   6   1      
   7   1              while(1){
   8   2                      led=0;
   9   2              delay_us(5);
  10   2              led=1;
  11   2              delay_us(5);
  12   2              }
  13   1      }


MODULE INFORMATION:   STATIC OVERLAYABLE
   CODE SIZE        =     20    ----
   CONSTANT SIZE    =   ----    ----
   XDATA SIZE       =   ----    ----
   PDATA SIZE       =   ----    ----
   DATA SIZE        =   ----    ----
   IDATA SIZE       =   ----    ----
   BIT SIZE         =   ----    ----
   EDATA SIZE       =   ----    ----
   HDATA SIZE       =   ----    ----
   XDATA CONST SIZE =   ----    ----
   FAR CONST SIZE   =   ----    ----
END OF MODULE INFORMATION.


C51 COMPILATION COMPLETE.  0 WARNING(S),  0 ERROR(S)
